2012-05-10 18:33:25 [INFO] [Multiverse-Inventories] First run!
2012-05-10 18:33:25 [INFO] [Multiverse-Inventories] Created a default group for you containing all of your default worlds: world, world_nether, world_the_end
2012-05-10 18:33:25 [INFO] [Multiverse-Inventories] Checking for conflicts in groups...
2012-05-10 18:33:25 [INFO] [Multiverse-Inventories] No group conflicts found!
2012-05-10 18:33:25 [INFO] [Multiverse-Inventories 2.4-b147] enabled.
2012-05-10 20:15:23 [INFO] [Multiverse-Inventories 2.4-b147] disabled.
2012-05-10 20:15:25 [INFO] [Multiverse-Inventories] Checking for conflicts in groups...
2012-05-10 20:15:25 [INFO] [Multiverse-Inventories] No group conflicts found!
2012-05-10 20:15:25 [INFO] [Multiverse-Inventories 2.4-b147] enabled.
2012-05-10 20:16:38 [INFO] [Multiverse-Inventories 2.4-b147] disabled.
2012-05-10 20:16:38 [INFO] [Multiverse-Inventories] Checking for conflicts in groups...
2012-05-10 20:16:38 [INFO] [Multiverse-Inventories] No group conflicts found!
2012-05-10 20:16:38 [INFO] [Multiverse-Inventories 2.4-b147] enabled.
2012-05-10 20:22:45 [INFO] [Multiverse-Inventories] Multiverse-Inventories Version: 2.4-b147
2012-05-10 20:22:45 [INFO] [Multiverse-Inventories] Debug Level: 0
2012-05-10 20:22:45 [INFO] [Multiverse-Inventories] First Run: false
2012-05-10 20:22:45 [INFO] [Multiverse-Inventories] === Groups ===
2012-05-10 20:22:45 [INFO] [Multiverse-Inventories] default: {Worlds: [world_nether, world, world_the_end], Shares: [hit_points, economy, food_level, saturation, exhaustion, xp, total_xp, lvl, inventory_contents, armor_contents, bed_spawn, maximum_air, remaining_air, fall_distance, fire_ticks, potion_effects, last_location], Negative Shares: []}
2012-05-10 20:37:22 [INFO] [Multiverse-Inventories 2.4-b147] disabled.
2012-05-10 20:37:23 [INFO] [Multiverse-Inventories] Checking for conflicts in groups...
2012-05-10 20:37:23 [INFO] [Multiverse-Inventories] No group conflicts found!
2012-05-10 20:37:23 [INFO] [Multiverse-Inventories 2.4-b147] enabled.
2012-05-10 20:37:48 [INFO] [Multiverse-Inventories 2.4-b147] disabled.
2012-05-10 20:37:48 [INFO] [Multiverse-Inventories] Checking for conflicts in groups...
2012-05-10 20:37:48 [INFO] [Multiverse-Inventories] No group conflicts found!
2012-05-10 20:37:48 [INFO] [Multiverse-Inventories 2.4-b147] enabled.
2012-05-10 20:42:17 [INFO] [Multiverse-Inventories 2.4-b147] disabled.
2012-05-10 20:42:17 [INFO] [Multiverse-Inventories] Checking for conflicts in groups...
2012-05-10 20:42:17 [INFO] [Multiverse-Inventories] No group conflicts found!
2012-05-10 20:42:17 [INFO] [Multiverse-Inventories 2.4-b147] enabled.
2012-05-10 20:50:04 [INFO] [Multiverse-Inventories 2.4-b147] disabled.
2012-05-10 20:50:04 [INFO] [Multiverse-Inventories] Checking for conflicts in groups...
2012-05-10 20:50:04 [INFO] [Multiverse-Inventories] No group conflicts found!
2012-05-10 20:50:04 [INFO] [Multiverse-Inventories 2.4-b147] enabled.
2012-05-10 20:50:39 [INFO] [Multiverse-Inventories 2.4-b147] disabled.
2012-05-10 20:50:39 [INFO] [Multiverse-Inventories] Checking for conflicts in groups...
2012-05-10 20:50:39 [INFO] [Multiverse-Inventories] No group conflicts found!
2012-05-10 20:50:39 [INFO] [Multiverse-Inventories 2.4-b147] enabled.
2012-05-10 20:53:15 [INFO] [Multiverse-Inventories 2.4-b147] disabled.
2012-05-10 20:53:15 [INFO] [Multiverse-Inventories] Checking for conflicts in groups...
2012-05-10 20:53:15 [INFO] [Multiverse-Inventories] No group conflicts found!
2012-05-10 20:53:15 [INFO] [Multiverse-Inventories 2.4-b147] enabled.
2012-05-19 04:02:00 [INFO] [Multiverse-Inventories 2.4-b147] disabled.
2012-05-19 04:24:30 [INFO] [Multiverse-Inventories] Checking for conflicts in groups...
2012-05-19 04:24:30 [INFO] [Multiverse-Inventories] No group conflicts found!
2012-05-19 04:24:30 [INFO] [Multiverse-Inventories 2.4-b147] enabled.
2012-05-19 19:00:47 [INFO] [Multiverse-Inventories 2.4-b147] disabled.
2012-05-19 19:00:48 [INFO] [Multiverse-Inventories] Checking for conflicts in groups...
2012-05-19 19:00:48 [INFO] [Multiverse-Inventories] No group conflicts found!
2012-05-19 19:00:48 [INFO] [Multiverse-Inventories 2.4-b147] enabled.
2012-05-19 19:03:03 [INFO] [Multiverse-Inventories 2.4-b147] disabled.
2012-05-19 19:03:03 [INFO] [Multiverse-Inventories] Checking for conflicts in groups...
2012-05-19 19:03:03 [INFO] [Multiverse-Inventories] No group conflicts found!
2012-05-19 19:03:03 [INFO] [Multiverse-Inventories 2.4-b147] enabled.
2012-05-20 16:45:52 [INFO] [Multiverse-Inventories 2.4-b147] disabled.
2012-05-20 17:19:06 [INFO] [Multiverse-Inventories] Checking for conflicts in groups...
2012-05-20 17:19:06 [INFO] [Multiverse-Inventories] No group conflicts found!
2012-05-20 17:19:06 [INFO] [Multiverse-Inventories 2.4-b147] enabled.
2012-05-23 14:30:44 [INFO] [Multiverse-Inventories] Checking for conflicts in groups...
2012-05-23 14:30:44 [INFO] [Multiverse-Inventories] No group conflicts found!
2012-05-23 14:30:44 [INFO] [Multiverse-Inventories 2.4-b147] enabled.
2012-05-23 20:30:41 [INFO] [Multiverse-Inventories 2.4-b147] disabled.
2012-05-23 20:33:12 [INFO] [Multiverse-Inventories] Checking for conflicts in groups...
2012-05-23 20:33:12 [INFO] [Multiverse-Inventories] No group conflicts found!
2012-05-23 20:33:12 [INFO] [Multiverse-Inventories 2.4-b147] enabled.
2012-06-08 21:08:57 [INFO] [Multiverse-Inventories 2.4-b147] disabled.
2012-06-08 21:20:54 [INFO] [Multiverse-Inventories] Checking for conflicts in groups...
2012-06-08 21:20:54 [INFO] [Multiverse-Inventories] No group conflicts found!
2012-06-08 21:20:54 [INFO] [Multiverse-Inventories 2.4-b147] enabled.
2012-06-09 01:25:48 [INFO] [Multiverse-Inventories 2.4-b147] disabled.
2012-06-09 01:25:48 [INFO] [Multiverse-Inventories] Checking for conflicts in groups...
2012-06-09 01:25:48 [INFO] [Multiverse-Inventories] No group conflicts found!
2012-06-09 01:25:48 [INFO] [Multiverse-Inventories 2.4-b147] enabled.
2012-06-09 01:38:53 [INFO] [Multiverse-Inventories 2.4-b147] disabled.
2012-06-09 01:38:56 [INFO] [Multiverse-Inventories] Checking for conflicts in groups...
2012-06-09 01:38:56 [INFO] [Multiverse-Inventories] No group conflicts found!
2012-06-09 01:38:56 [INFO] [Multiverse-Inventories 2.4-b147] enabled.
2012-06-09 02:20:20 [INFO] [Multiverse-Inventories 2.4-b147] disabled.
2012-06-09 02:20:22 [INFO] [Multiverse-Inventories] Checking for conflicts in groups...
2012-06-09 02:20:22 [INFO] [Multiverse-Inventories] No group conflicts found!
2012-06-09 02:20:22 [INFO] [Multiverse-Inventories 2.4-b147] enabled.
2012-06-09 02:22:54 [INFO] [Multiverse-Inventories 2.4-b147] disabled.
2012-06-09 02:22:55 [INFO] [Multiverse-Inventories] Checking for conflicts in groups...
2012-06-09 02:22:55 [INFO] [Multiverse-Inventories] No group conflicts found!
2012-06-09 02:22:55 [INFO] [Multiverse-Inventories 2.4-b147] enabled.
2012-06-09 02:24:24 [INFO] [Multiverse-Inventories 2.4-b147] disabled.
2012-06-09 02:24:24 [INFO] [Multiverse-Inventories] Checking for conflicts in groups...
2012-06-09 02:24:24 [INFO] [Multiverse-Inventories] No group conflicts found!
2012-06-09 02:24:24 [INFO] [Multiverse-Inventories 2.4-b147] enabled.
2012-06-09 02:43:37 [INFO] [Multiverse-Inventories] First run!
2012-06-09 02:43:37 [INFO] [Multiverse-Inventories] Created a default group for you containing all of your default worlds: world, world_nether, world_the_end
2012-06-09 02:43:37 [INFO] [Multiverse-Inventories] Checking for conflicts in groups...
2012-06-09 02:43:37 [INFO] [Multiverse-Inventories] No group conflicts found!
2012-06-09 02:43:51 [INFO] [Multiverse-Inventories] Checking for conflicts in groups...
2012-06-09 02:43:51 [INFO] [Multiverse-Inventories] No group conflicts found!
2012-06-09 02:45:18 [INFO] [Multiverse-Inventories] Checking for conflicts in groups...
2012-06-09 02:45:18 [INFO] [Multiverse-Inventories] No group conflicts found!
2012-06-09 02:49:33 [INFO] [Multiverse-Inventories 2.4-b147] disabled.
2012-06-09 02:52:30 [INFO] [Multiverse-Inventories] Checking for conflicts in groups...
2012-06-09 02:52:30 [INFO] [Multiverse-Inventories] No group conflicts found!
2012-06-09 02:52:30 [INFO] [Multiverse-Inventories 2.4-b147] enabled.
2012-06-17 17:36:55 [INFO] [Multiverse-Inventories 2.4-b147] disabled.
2012-06-17 17:37:46 [INFO] [Multiverse-Inventories] Checking for conflicts in groups...
2012-06-17 17:37:46 [INFO] [Multiverse-Inventories] No group conflicts found!
2012-06-17 17:37:46 [INFO] [Multiverse-Inventories 2.4-b147] enabled.
2012-06-22 21:02:55 [INFO] [Multiverse-Inventories 2.4-b147] disabled.
2012-06-22 21:07:58 [INFO] [Multiverse-Inventories] Checking for conflicts in groups...
2012-06-22 21:07:58 [INFO] [Multiverse-Inventories] No group conflicts found!
2012-06-22 21:07:58 [INFO] [Multiverse-Inventories 2.4-b147] enabled.
2012-06-22 21:08:27 [INFO] [Multiverse-Inventories 2.4-b147] disabled.
2012-06-22 21:11:14 [INFO] [Multiverse-Inventories] Checking for conflicts in groups...
2012-06-22 21:11:14 [INFO] [Multiverse-Inventories] No group conflicts found!
2012-06-22 21:11:14 [INFO] [Multiverse-Inventories 2.4-b147] enabled.
2012-06-22 21:12:30 [INFO] [Multiverse-Inventories 2.4-b147] disabled.
2012-06-22 21:27:32 [INFO] [Multiverse-Inventories] Checking for conflicts in groups...
2012-06-22 21:27:32 [INFO] [Multiverse-Inventories] No group conflicts found!
2012-06-22 21:27:32 [INFO] [Multiverse-Inventories 2.4-b147] enabled.
2012-06-23 19:18:39 [INFO] [Multiverse-Inventories 2.4-b147] disabled.
2012-06-23 19:18:42 [INFO] [Multiverse-Inventories] Checking for conflicts in groups...
2012-06-23 19:18:42 [INFO] [Multiverse-Inventories] No group conflicts found!
2012-06-23 19:18:42 [INFO] [Multiverse-Inventories 2.4-b147] enabled.
2012-06-23 19:36:34 [INFO] [Multiverse-Inventories 2.4-b147] disabled.
2012-06-23 19:36:36 [INFO] [Multiverse-Inventories] Checking for conflicts in groups...
2012-06-23 19:36:36 [INFO] [Multiverse-Inventories] No group conflicts found!
2012-06-23 19:36:36 [INFO] [Multiverse-Inventories 2.4-b147] enabled.
2012-06-23 23:26:01 [INFO] [Multiverse-Inventories 2.4-b147] disabled.
2012-06-23 23:26:05 [INFO] [Multiverse-Inventories] Checking for conflicts in groups...
2012-06-23 23:26:05 [INFO] [Multiverse-Inventories] No group conflicts found!
2012-06-23 23:26:05 [INFO] [Multiverse-Inventories 2.4-b147] enabled.
2012-06-27 16:37:10 [INFO] [Multiverse-Inventories 2.4-b147] disabled.
2012-06-27 16:38:57 [INFO] [Multiverse-Inventories] Checking for conflicts in groups...
2012-06-27 16:38:57 [INFO] [Multiverse-Inventories] No group conflicts found!
2012-06-27 16:38:57 [INFO] [Multiverse-Inventories 2.4-b147] enabled.
2012-06-27 16:39:58 [INFO] [Multiverse-Inventories 2.4-b147] disabled.
2012-06-27 16:40:15 [INFO] [Multiverse-Inventories] Checking for conflicts in groups...
2012-06-27 16:40:15 [INFO] [Multiverse-Inventories] No group conflicts found!
2012-06-27 16:40:15 [INFO] [Multiverse-Inventories 2.4-b147] enabled.
2012-07-01 13:48:57 [INFO] [Multiverse-Inventories 2.4-b147] disabled.
2012-07-01 13:49:03 [INFO] [Multiverse-Inventories] Checking for conflicts in groups...
2012-07-01 13:49:03 [INFO] [Multiverse-Inventories] No group conflicts found!
2012-07-01 13:49:03 [INFO] [Multiverse-Inventories 2.4-b147] enabled.
2012-07-01 14:57:19 [INFO] [Multiverse-Inventories 2.4-b147] disabled.
