2012-06-22 21:07:47 [INFO] Forge Mod Loader version 2.2.76.131 for Minecraft 1.2.5 loading
2012-06-22 21:07:47 [FINE] No mod directory found, creating one: /home/minecraft/server/bukkit/mods
2012-06-22 21:07:47 [FINE] No config directory found, creating one: /home/minecraft/server/bukkit/config
2012-06-22 21:07:47 [FINE] Attempting to load mods contained in the minecraft jar file and associated classes
2012-06-22 21:07:47 [FINE] Minecraft is a file at /home/minecraft/server/bukkit/bukkit.jar, loading
2012-06-22 21:07:47 [FINE] Found a mod class net.minecraft.server.mod_MinecraftForge in file bukkit.jar, attempting to load it
2012-06-22 21:07:47 [FINE] ModLoader BaseMod class net.minecraft.server.mod_MinecraftForge found, loading
2012-06-22 21:07:47 [FINE] ModLoader BaseMod class net.minecraft.server.mod_MinecraftForge loaded
2012-06-22 21:07:47 [FINE] Mod class net.minecraft.server.mod_MinecraftForge loaded successfully
2012-06-22 21:07:47 [FINE] Minecraft jar mods loaded successfully
2012-06-22 21:07:47 [INFO] Loading mods from /home/minecraft/server/bukkit/mods
2012-06-22 21:07:47 [INFO] Forge Mod Loader has loaded 1 mods
2012-06-22 21:07:47 [FINE] Beginning mod pre-initialization
2012-06-22 21:07:47 [FINER] Pre-initializing /home/minecraft/server/bukkit/bukkit.jar
2012-06-22 21:07:47 [FINEST] Configuration for mod_MinecraftForge.SPAWNER_ALLOW_ON_INVERTED found values default: true, configured: true, interpreted: true
2012-06-22 21:07:47 [FINE] Configuration for mod_MinecraftForge written to mod_MinecraftForge.cfg
2012-06-22 21:07:47 [FINE] Mod pre-initialization complete
2012-06-22 21:07:47 [FINE] Verifying mod dependencies are satisfied
2012-06-22 21:07:47 [FINE] All dependencies are satisfied
2012-06-22 21:07:47 [FINE] Sorting mods into an ordered list
2012-06-22 21:07:47 [FINE] Sorted mod list:
2012-06-22 21:07:47 [FINE] 	mod_MinecraftForge: bukkit.jar ()
2012-06-22 21:07:47 [FINE] Beginning mod initialization
2012-06-22 21:07:47 [FINER] Initializing mod_MinecraftForge
2012-06-22 21:07:47 [INFO] MinecraftForge v3.3.7.135 Initialized

2012-06-22 21:07:47 [FINE] Mod initialization complete
2012-06-22 21:07:47 [FINE] Beginning mod post-initialization
2012-06-22 21:07:47 [FINER] Post-initializing mod_MinecraftForge
2012-06-22 21:07:47 [FINE] Mod post-initialization complete
2012-06-22 21:07:47 [INFO] Forge Mod Loader load complete, 1 mods loaded
